<?xml version="1.0" encoding="UTF-8"?>
<!-- Generated by org.testng.reporters.JUnitReportReporter -->
<testsuite hostname="TYSS-Chandana-M" failures="0" tests="1" name="cross_browser_execution.TC_01" time="15.271" errors="0" timestamp="2024-04-08T11:00:27 IST" skipped="0">
  <testcase classname="cross_browser_execution.TC_01" name="launch_Mi" time="15.271"/>
  <system-out>
    <![CDATA[From Mi]]>
  </system-out>
</testsuite> <!-- cross_browser_execution.TC_01 -->
