<?xml version="1.0" encoding="UTF-8"?>
<!-- Generated by org.testng.reporters.JUnitReportReporter -->
<testsuite hostname="TYSS-Chandana-M" failures="0" tests="1" name="testng_concepts.ToCheckTestNG" time="0.010" errors="0" timestamp="2024-04-03T11:07:10 IST" skipped="0">
  <testcase classname="testng_concepts.ToCheckTestNG" name="m1" time="0.010"/>
  <system-out/>
</testsuite> <!-- testng_concepts.ToCheckTestNG -->
