<?xml version="1.0" encoding="UTF-8"?>
<!-- Generated by org.testng.reporters.JUnitReportReporter -->
<testsuite hostname="TYSS-Chandana-M" failures="0" tests="2" name="dataprovider_concept.DataProvider_01" time="16.139" errors="0" timestamp="2024-04-12T16:36:28 IST" skipped="0">
  <testcase classname="dataprovider_concept.DataProvider_01" name="login" time="8.008"/>
  <system-out/>
  <testcase classname="dataprovider_concept.DataProvider_01" name="login" time="8.131"/>
  <system-out/>
</testsuite> <!-- dataprovider_concept.DataProvider_01 -->
