<?xml version="1.0" encoding="UTF-8"?>
<!-- Generated by org.testng.reporters.JUnitReportReporter -->
<testsuite hostname="TYSS-Chandana-M" failures="0" tests="1" name="parallel_execution.TC_04" time="7.604" errors="0" timestamp="2024-04-12T16:15:16 IST" skipped="0">
  <testcase classname="parallel_execution.TC_04" name="launch_Amazon" time="7.604"/>
  <system-out>
    <![CDATA[From Amazon]]>
  </system-out>
</testsuite> <!-- parallel_execution.TC_04 -->
