<?xml version="1.0" encoding="UTF-8"?>
<!-- Generated by org.testng.reporters.JUnitReportReporter -->
<testsuite hostname="TYSS-Chandana-M" failures="0" tests="1" name="parallel_execution.TC_05" time="11.578" errors="0" timestamp="2024-04-12T16:15:16 IST" skipped="0">
  <testcase classname="parallel_execution.TC_05" name="launch_Meesho" time="11.578"/>
  <system-out>
    <![CDATA[From Meesho]]>
  </system-out>
</testsuite> <!-- parallel_execution.TC_05 -->
