<?xml version="1.0" encoding="UTF-8"?>
<!-- Generated by org.testng.reporters.JUnitReportReporter -->
<testsuite hostname="TYSS-Chandana-M" failures="0" tests="1" name="parallel_execution.TC_08" time="6.412" errors="0" timestamp="2024-04-08T10:35:02 IST" skipped="0">
  <testcase classname="parallel_execution.TC_08" name="launch_Wow" time="6.412"/>
  <system-out>
    <![CDATA[From Wow]]>
  </system-out>
</testsuite> <!-- parallel_execution.TC_08 -->
