<?xml version="1.0" encoding="UTF-8"?>
<!-- Generated by org.testng.reporters.JUnitReportReporter -->
<testsuite hostname="TYSS-Chandana-M" failures="0" tests="1" name="parallel_execution.TC_09" time="21.622" errors="0" timestamp="2024-04-08T10:35:02 IST" skipped="0">
  <testcase classname="parallel_execution.TC_09" name="launch_Mamaearth" time="21.622"/>
  <system-out>
    <![CDATA[From MamaEarth]]>
  </system-out>
</testsuite> <!-- parallel_execution.TC_09 -->
