<?xml version="1.0" encoding="UTF-8"?>
<!-- Generated by org.testng.reporters.JUnitReportReporter -->
<testsuite hostname="TYSS-Chandana-M" failures="0" tests="1" name="parallel_execution.TC_07" time="27.962" errors="0" timestamp="2024-04-08T10:35:02 IST" skipped="0">
  <testcase classname="parallel_execution.TC_07" name="launch_Lakme" time="27.962"/>
  <system-out>
    <![CDATA[From Lakme]]>
  </system-out>
</testsuite> <!-- parallel_execution.TC_07 -->
