<?xml version="1.0" encoding="UTF-8"?>
<!-- Generated by org.testng.reporters.JUnitReportReporter -->
<testsuite hostname="TYSS-Chandana-M" failures="0" tests="2" name="parallel_execution.TC_02" time="69.305" errors="0" timestamp="2024-04-12T16:15:16 IST" skipped="0">
  <testcase classname="parallel_execution.TC_02" name="launch_Vivo_02" time="28.285"/>
  <system-out>
    <![CDATA[From Vivo]]>
  </system-out>
  <testcase classname="parallel_execution.TC_02" name="launch_Vivo_01" time="41.020"/>
  <system-out>
    <![CDATA[From Vivo]]>
  </system-out>
</testsuite> <!-- parallel_execution.TC_02 -->
