<?xml version="1.0" encoding="UTF-8"?>
<!-- Generated by org.testng.reporters.JUnitReportReporter -->
<testsuite hostname="TYSS-Chandana-M" failures="0" tests="1" name="parallel_execution.TC_03" time="38.421" errors="0" timestamp="2024-04-12T16:15:16 IST" skipped="0">
  <testcase classname="parallel_execution.TC_03" name="launch_Oppo" time="38.421"/>
  <system-out>
    <![CDATA[From Oppo]]>
  </system-out>
</testsuite> <!-- parallel_execution.TC_03 -->
