<?xml version="1.0" encoding="UTF-8"?>
<!-- Generated by org.testng.reporters.JUnitReportReporter -->
<testsuite hostname="TYSS-Chandana-M" failures="0" tests="1" name="cross_browser_execution.TC_03" time="6.533" errors="0" timestamp="2024-04-08T11:00:27 IST" skipped="0">
  <testcase classname="cross_browser_execution.TC_03" name="launch_Oppo" time="6.533"/>
  <system-out>
    <![CDATA[From Oppo]]>
  </system-out>
</testsuite> <!-- cross_browser_execution.TC_03 -->
