<?xml version="1.0" encoding="UTF-8"?>
<!-- Generated by org.testng.reporters.JUnitReportReporter -->
<testsuite hostname="TYSS-Chandana-M" failures="0" tests="1" name="cross_browser_execution.TC_02" time="14.688" errors="0" timestamp="2024-04-08T11:00:27 IST" skipped="0">
  <testcase classname="cross_browser_execution.TC_02" name="launch_Vivo_01" time="14.688"/>
  <system-out>
    <![CDATA[From Vivo]]>
  </system-out>
</testsuite> <!-- cross_browser_execution.TC_02 -->
