<?xml version="1.0" encoding="UTF-8"?>
<!-- Generated by org.testng.reporters.JUnitReportReporter -->
<testsuite hostname="TYSS-Chandana-M" failures="0" tests="1" name="parallel_execution.TC_06" time="14.279" errors="0" timestamp="2024-04-12T16:15:16 IST" skipped="0">
  <testcase classname="parallel_execution.TC_06" name="launch_Flipkart" time="14.279"/>
  <system-out>
    <![CDATA[From Flipkart]]>
  </system-out>
</testsuite> <!-- parallel_execution.TC_06 -->
